<?xml version="1.0" encoding="UTF-8"?>
<testng-results ignored="0" total="1" passed="1" failed="0" skipped="0">
  <reporter-output>
  </reporter-output>
  <suite started-at="2023-10-05T22:53:45 IST" name="Default suite" finished-at="2023-10-05T22:53:57 IST" duration-ms="12358">
    <groups>
    </groups>
    <test started-at="2023-10-05T22:53:45 IST" name="Default test" finished-at="2023-10-05T22:53:57 IST" duration-ms="12358">
      <class name="arrayss.TenArraysSum">
        <test-method signature="arrays()[pri:0, instance:arrayss.TenArraysSum@1a18644]" started-at="2023-10-05T22:53:45 IST" name="arrays" finished-at="2023-10-05T22:53:57 IST" duration-ms="12313" status="PASS">
          <reporter-output>
          </reporter-output>
        </test-method> <!-- arrays -->
      </class> <!-- arrayss.TenArraysSum -->
    </test> <!-- Default test -->
  </suite> <!-- Default suite -->
</testng-results>
