<?xml version="1.0" encoding="UTF-8"?>
<testng-results ignored="0" total="1" passed="1" failed="0" skipped="0">
  <reporter-output>
  </reporter-output>
  <suite started-at="2023-11-02T01:12:09 IST" name="Default suite" finished-at="2023-11-02T01:12:22 IST" duration-ms="13454">
    <groups>
    </groups>
    <test started-at="2023-11-02T01:12:09 IST" name="Default test" finished-at="2023-11-02T01:12:22 IST" duration-ms="13454">
      <class name="jsonPractice.Calci">
        <test-method signature="tes()[pri:0, instance:jsonPractice.Calci@543588e6]" started-at="2023-11-02T01:12:09 IST" name="tes" finished-at="2023-11-02T01:12:22 IST" duration-ms="13420" status="PASS">
          <reporter-output>
          </reporter-output>
        </test-method> <!-- tes -->
      </class> <!-- jsonPractice.Calci -->
    </test> <!-- Default test -->
  </suite> <!-- Default suite -->
</testng-results>
